\BOOKMARK [0][]{chapter.1}{1 Preliminaries and Introduction}{}% 1
\BOOKMARK [1][]{section.1.1}{1.1 Overview}{chapter.1}% 2
\BOOKMARK [1][]{section.1.2}{1.2 Motivation}{chapter.1}% 3
\BOOKMARK [1][]{section.1.3}{1.3 \040Objective}{chapter.1}% 4
\BOOKMARK [1][]{section.1.4}{1.4 \040Target Group}{chapter.1}% 5
\BOOKMARK [1][]{section.1.5}{1.5 \040Problem Statement}{chapter.1}% 6
\BOOKMARK [1][]{section.1.6}{1.6 Solution proposed}{chapter.1}% 7
\BOOKMARK [2][]{subsection.1.6.1}{1.6.1 Motivation to use Kinect device for SLR}{section.1.6}% 8
\BOOKMARK [2][]{subsection.1.6.2}{1.6.2 Motivation to use features from hand finger and skeleton}{section.1.6}% 9
\BOOKMARK [2][]{subsection.1.6.3}{1.6.3 Motivation to use Random Forest Classifier}{section.1.6}% 10
\BOOKMARK [1][]{section.1.7}{1.7 Scope:}{chapter.1}% 11
\BOOKMARK [1][]{section.1.8}{1.8 Some related famous products: }{chapter.1}% 12
\BOOKMARK [1][]{section.1.9}{1.9 \040SWOT Analysis }{chapter.1}% 13
\BOOKMARK [0][]{chapter.2}{2 Review of Literature}{}% 14
\BOOKMARK [1][]{section.2.1}{2.1 Sub-unit based approach}{chapter.2}% 15
\BOOKMARK [1][]{section.2.2}{2.2 Static Gabor filter based approach}{chapter.2}% 16
\BOOKMARK [1][]{section.2.3}{2.3 ESF descriptors}{chapter.2}% 17
\BOOKMARK [1][]{section.2.4}{2.4 Skin Intensity based hand-feature extraction}{chapter.2}% 18
\BOOKMARK [1][]{section.2.5}{2.5 DTW based approach}{chapter.2}% 19
\BOOKMARK [0][]{chapter.3}{3 System Analysis and Design}{}% 20
\BOOKMARK [1][]{section.3.1}{3.1 Use Case}{chapter.3}% 21
\BOOKMARK [1][]{section.3.2}{3.2 Get the sign}{chapter.3}% 22
\BOOKMARK [2][]{subsection.3.2.1}{3.2.1 Translate the sign}{section.3.2}% 23
\BOOKMARK [2][]{subsection.3.2.2}{3.2.2 Save the Sign}{section.3.2}% 24
\BOOKMARK [1][]{section.3.3}{3.3 Flow Diagram}{chapter.3}% 25
\BOOKMARK [1][]{section.3.4}{3.4 System Sequence Diagram}{chapter.3}% 26
\BOOKMARK [0][]{chapter.4}{4 Dataset}{}% 27
\BOOKMARK [1][]{section.4.1}{4.1 Dimensions and Size }{chapter.4}% 28
\BOOKMARK [2][]{subsection.4.1.1}{4.1.1 \040Size: }{section.4.1}% 29
\BOOKMARK [2][]{subsection.4.1.2}{4.1.2 \040Basic unit }{section.4.1}% 30
\BOOKMARK [1][]{section.4.2}{4.2 \040Analysis: }{chapter.4}% 31
\BOOKMARK [2][]{subsection.4.2.1}{4.2.1 \040Generalization }{section.4.2}% 32
\BOOKMARK [2][]{subsection.4.2.2}{4.2.2 \040Missing Values }{section.4.2}% 33
\BOOKMARK [2][]{subsection.4.2.3}{4.2.3 \040Missing Records }{section.4.2}% 34
\BOOKMARK [1][]{section.4.3}{4.3 \040Padding}{chapter.4}% 35
\BOOKMARK [2][]{subsection.4.3.1}{4.3.1 \040Feature Padding }{section.4.3}% 36
\BOOKMARK [2][]{subsection.4.3.2}{4.3.2 \040Frame padding}{section.4.3}% 37
\BOOKMARK [0][]{chapter.5}{5 PROJECT IMPLEMENTATION}{}% 38
\BOOKMARK [1][]{section.5.1}{5.1 \040Flow Diagram }{chapter.5}% 39
\BOOKMARK [1][]{section.5.2}{5.2 Implementation}{chapter.5}% 40
\BOOKMARK [1][]{section.5.3}{5.3 Baseline Results}{chapter.5}% 41
\BOOKMARK [1][]{section.5.4}{5.4 Results}{chapter.5}% 42
\BOOKMARK [1][]{section.5.5}{5.5 Alternative flows and approaches followed}{chapter.5}% 43
\BOOKMARK [1][]{section.5.6}{5.6 Interface Description}{chapter.5}% 44
\BOOKMARK [0][]{chapter.6}{6 Future Recommendation}{}% 45
\BOOKMARK [0][]{appendix.A}{A Appendix I Code}{}% 46
\BOOKMARK [0][]{appendix.B}{B Appendix I Poster}{}% 47
\BOOKMARK [0][]{appendix*.1}{References}{}% 48
